<?xml version="1.0" encoding="UTF-8"?>
<testsuite name="com.example.twitterapp.TwitterAppApplicationTests" tests="1" skipped="0" failures="0" errors="0" timestamp="2021-12-09T23:42:29" hostname="kirthus-MBP" time="0.289">
  <properties/>
  <testcase name="contextLoads()" classname="com.example.twitterapp.TwitterAppApplicationTests" time="0.289"/>
  <system-out><![CDATA[18:42:26.078 [Test worker] DEBUG org.springframework.test.context.BootstrapUtils - Instantiating CacheAwareContextLoaderDelegate from class [org.springframework.test.context.cache.DefaultCacheAwareContextLoaderDelegate]
18:42:26.088 [Test worker] DEBUG org.springframework.test.context.BootstrapUtils - Instantiating BootstrapContext using constructor [public org.springframework.test.context.support.DefaultBootstrapContext(java.lang.Class,org.springframework.test.context.CacheAwareContextLoaderDelegate)]
18:42:26.120 [Test worker] DEBUG org.springframework.test.context.BootstrapUtils - Instantiating TestContextBootstrapper for test class [com.example.twitterapp.TwitterAppApplicationTests] from class [org.springframework.boot.test.context.SpringBootTestContextBootstrapper]
18:42:26.131 [Test worker] INFO org.springframework.boot.test.context.SpringBootTestContextBootstrapper - Neither @ContextConfiguration nor @ContextHierarchy found for test class [com.example.twitterapp.TwitterAppApplicationTests], using SpringBootContextLoader
18:42:26.135 [Test worker] DEBUG org.springframework.test.context.support.AbstractContextLoader - Did not detect default resource location for test class [com.example.twitterapp.TwitterAppApplicationTests]: class path resource [com/example/twitterapp/TwitterAppApplicationTests-context.xml] does not exist
18:42:26.135 [Test worker] DEBUG org.springframework.test.context.support.AbstractContextLoader - Did not detect default resource location for test class [com.example.twitterapp.TwitterAppApplicationTests]: class path resource [com/example/twitterapp/TwitterAppApplicationTestsContext.groovy] does not exist
18:42:26.135 [Test worker] INFO org.springframework.test.context.support.AbstractContextLoader - Could not detect default resource locations for test class [com.example.twitterapp.TwitterAppApplicationTests]: no resource found for suffixes {-context.xml, Context.groovy}.
18:42:26.136 [Test worker] INFO org.springframework.test.context.support.AnnotationConfigContextLoaderUtils - Could not detect default configuration classes for test class [com.example.twitterapp.TwitterAppApplicationTests]: TwitterAppApplicationTests does not declare any static, non-private, non-final, nested classes annotated with @Configuration.
18:42:26.187 [Test worker] DEBUG org.springframework.test.context.support.ActiveProfilesUtils - Could not find an 'annotation declaring class' for annotation type [org.springframework.test.context.ActiveProfiles] and class [com.example.twitterapp.TwitterAppApplicationTests]
18:42:26.262 [Test worker] DEBUG org.springframework.context.annotation.ClassPathScanningCandidateComponentProvider - Identified candidate component class: file [/Users/kirthu/IdeaProjects/twitter-app/build/classes/java/main/com/example/twitterapp/TwitterApplication.class]
18:42:26.264 [Test worker] INFO org.springframework.boot.test.context.SpringBootTestContextBootstrapper - Found @SpringBootConfiguration com.example.twitterapp.TwitterApplication for test class com.example.twitterapp.TwitterAppApplicationTests
18:42:26.375 [Test worker] DEBUG org.springframework.boot.test.context.SpringBootTestContextBootstrapper - @TestExecutionListeners is not present for class [com.example.twitterapp.TwitterAppApplicationTests]: using defaults.
18:42:26.375 [Test worker] INFO org.springframework.boot.test.context.SpringBootTestContextBootstrapper - Loaded default TestExecutionListener class names from location [META-INF/spring.factories]: [org.springframework.boot.test.autoconfigure.restdocs.RestDocsTestExecutionListener, org.springframework.boot.test.autoconfigure.web.client.MockRestServiceServerResetTestExecutionListener, org.springframework.boot.test.autoconfigure.web.servlet.MockMvcPrintOnlyOnFailureTestExecutionListener, org.springframework.boot.test.autoconfigure.web.servlet.WebDriverTestExecutionListener, org.springframework.boot.test.autoconfigure.webservices.client.MockWebServiceServerTestExecutionListener, org.springframework.boot.test.mock.mockito.MockitoTestExecutionListener, org.springframework.boot.test.mock.mockito.ResetMocksTestExecutionListener, org.springframework.test.context.web.ServletTestExecutionListener, org.springframework.test.context.support.DirtiesContextBeforeModesTestExecutionListener, org.springframework.test.context.event.ApplicationEventsTestExecutionListener, org.springframework.test.context.support.DependencyInjectionTestExecutionListener, org.springframework.test.context.support.DirtiesContextTestExecutionListener, org.springframework.test.context.transaction.TransactionalTestExecutionListener, org.springframework.test.context.jdbc.SqlScriptsTestExecutionListener, org.springframework.test.context.event.EventPublishingTestExecutionListener]
18:42:26.393 [Test worker] INFO org.springframework.boot.test.context.SpringBootTestContextBootstrapper - Using TestExecutionListeners: [org.springframework.test.context.web.ServletTestExecutionListener@6dab9b6d, org.springframework.test.context.support.DirtiesContextBeforeModesTestExecutionListener@21fd5faa, org.springframework.test.context.event.ApplicationEventsTestExecutionListener@2766ca9d, org.springframework.boot.test.mock.mockito.MockitoTestExecutionListener@5460cf3a, org.springframework.boot.test.autoconfigure.SpringBootDependencyInjectionTestExecutionListener@65a15628, org.springframework.test.context.support.DirtiesContextTestExecutionListener@2e6a5539, org.springframework.test.context.transaction.TransactionalTestExecutionListener@3fc9504b, org.springframework.test.context.jdbc.SqlScriptsTestExecutionListener@6d025197, org.springframework.test.context.event.EventPublishingTestExecutionListener@27d4a09, org.springframework.boot.test.autoconfigure.restdocs.RestDocsTestExecutionListener@7e4204e2, org.springframework.boot.test.autoconfigure.web.client.MockRestServiceServerResetTestExecutionListener@b7c4869, org.springframework.boot.test.autoconfigure.web.servlet.MockMvcPrintOnlyOnFailureTestExecutionListener@740d2e78, org.springframework.boot.test.autoconfigure.web.servlet.WebDriverTestExecutionListener@1c481ff2, org.springframework.boot.test.autoconfigure.webservices.client.MockWebServiceServerTestExecutionListener@72437d8d, org.springframework.boot.test.mock.mockito.ResetMocksTestExecutionListener@1b955cac]
18:42:26.397 [Test worker] DEBUG org.springframework.test.context.support.AbstractDirtiesContextTestExecutionListener - Before test class: context [DefaultTestContext@ee86bcb testClass = TwitterAppApplicationTests, testInstance = [null], testMethod = [null], testException = [null], mergedContextConfiguration = [WebMergedContextConfiguration@177bea38 testClass = TwitterAppApplicationTests, locations = '{}', classes = '{class com.example.twitterapp.TwitterApplication}', contextInitializerClasses = '[]', activeProfiles = '{}', propertySourceLocations = '{}', propertySourceProperties = '{org.springframework.boot.test.context.SpringBootTestContextBootstrapper=true}', contextCustomizers = set[org.springframework.boot.test.autoconfigure.actuate.metrics.MetricsExportContextCustomizerFactory$DisableMetricExportContextCustomizer@470734c3, org.springframework.boot.test.autoconfigure.properties.PropertyMappingContextCustomizer@0, org.springframework.boot.test.autoconfigure.web.servlet.WebDriverContextCustomizerFactory$Customizer@1cf6d1be, org.springframework.boot.test.context.filter.ExcludeFilterContextCustomizer@5149d738, org.springframework.boot.test.json.DuplicateJsonObjectContextCustomizerFactory$DuplicateJsonObjectContextCustomizer@4be29ed9, org.springframework.boot.test.mock.mockito.MockitoContextCustomizer@0, org.springframework.boot.test.web.client.TestRestTemplateContextCustomizer@909217e, org.springframework.boot.test.context.SpringBootTestArgs@1, org.springframework.boot.test.context.SpringBootTestWebEnvironment@27c86f2d], resourceBasePath = 'src/main/webapp', contextLoader = 'org.springframework.boot.test.context.SpringBootContextLoader', parent = [null]], attributes = map['org.springframework.test.context.web.ServletTestExecutionListener.activateListener' -> true]], class annotated with @DirtiesContext [false] with mode [null].
18:42:26.433 [Test worker] DEBUG org.springframework.boot.ApplicationServletEnvironment - Activating profiles []
18:42:26.434 [Test worker] DEBUG org.springframework.test.context.support.TestPropertySourceUtils - Adding inlined properties to environment: {spring.jmx.enabled=false, org.springframework.boot.test.context.SpringBootTestContextBootstrapper=true}

  .   ____          _            __ _ _
 /\\ / ___'_ __ _ _(_)_ __  __ _ \ \ \ \
( ( )\___ | '_ | '_| | '_ \/ _` | \ \ \ \
 \\/  ___)| |_)| | | | | || (_| |  ) ) ) )
  '  |____| .__|_| |_|_| |_\__, | / / / /
 =========|_|==============|___/=/_/_/_/
 :: Spring Boot ::                (v2.6.1)

2021-12-09 18:42:27.053  INFO 4259 --- [    Test worker] c.e.t.TwitterAppApplicationTests         : Starting TwitterAppApplicationTests using Java 1.8.0_191 on kirthus-MBP with PID 4259 (started by kirthu in /Users/kirthu/IdeaProjects/twitter-app)
2021-12-09 18:42:27.055  INFO 4259 --- [    Test worker] c.e.t.TwitterAppApplicationTests         : No active profile set, falling back to default profiles: default
2021-12-09 18:42:29.648  INFO 4259 --- [    Test worker] c.e.t.TwitterAppApplicationTests         : Started TwitterAppApplicationTests in 3.212 seconds (JVM running for 5.203)
]]></system-out>
  <system-err><![CDATA[]]></system-err>
</testsuite>
