<?xml version="1.0" encoding="UTF-8"?>
<testsuite name="com.example.twitterapp.TwitterAppApplicationTests" tests="1" skipped="0" failures="0" errors="0" timestamp="2021-12-06T05:00:33" hostname="kirthus-MBP" time="0.281">
  <properties/>
  <testcase name="contextLoads()" classname="com.example.twitterapp.TwitterAppApplicationTests" time="0.281"/>
  <system-out><![CDATA[00:00:28.516 [Test worker] DEBUG org.springframework.test.context.BootstrapUtils - Instantiating CacheAwareContextLoaderDelegate from class [org.springframework.test.context.cache.DefaultCacheAwareContextLoaderDelegate]
00:00:28.528 [Test worker] DEBUG org.springframework.test.context.BootstrapUtils - Instantiating BootstrapContext using constructor [public org.springframework.test.context.support.DefaultBootstrapContext(java.lang.Class,org.springframework.test.context.CacheAwareContextLoaderDelegate)]
00:00:28.562 [Test worker] DEBUG org.springframework.test.context.BootstrapUtils - Instantiating TestContextBootstrapper for test class [com.example.twitterapp.TwitterAppApplicationTests] from class [org.springframework.boot.test.context.SpringBootTestContextBootstrapper]
00:00:28.582 [Test worker] INFO org.springframework.boot.test.context.SpringBootTestContextBootstrapper - Neither @ContextConfiguration nor @ContextHierarchy found for test class [com.example.twitterapp.TwitterAppApplicationTests], using SpringBootContextLoader
00:00:28.587 [Test worker] DEBUG org.springframework.test.context.support.AbstractContextLoader - Did not detect default resource location for test class [com.example.twitterapp.TwitterAppApplicationTests]: class path resource [com/example/twitterapp/TwitterAppApplicationTests-context.xml] does not exist
00:00:28.587 [Test worker] DEBUG org.springframework.test.context.support.AbstractContextLoader - Did not detect default resource location for test class [com.example.twitterapp.TwitterAppApplicationTests]: class path resource [com/example/twitterapp/TwitterAppApplicationTestsContext.groovy] does not exist
00:00:28.588 [Test worker] INFO org.springframework.test.context.support.AbstractContextLoader - Could not detect default resource locations for test class [com.example.twitterapp.TwitterAppApplicationTests]: no resource found for suffixes {-context.xml, Context.groovy}.
00:00:28.589 [Test worker] INFO org.springframework.test.context.support.AnnotationConfigContextLoaderUtils - Could not detect default configuration classes for test class [com.example.twitterapp.TwitterAppApplicationTests]: TwitterAppApplicationTests does not declare any static, non-private, non-final, nested classes annotated with @Configuration.
00:00:28.652 [Test worker] DEBUG org.springframework.test.context.support.ActiveProfilesUtils - Could not find an 'annotation declaring class' for annotation type [org.springframework.test.context.ActiveProfiles] and class [com.example.twitterapp.TwitterAppApplicationTests]
00:00:28.731 [Test worker] DEBUG org.springframework.context.annotation.ClassPathScanningCandidateComponentProvider - Identified candidate component class: file [/Users/kirthu/IdeaProjects/twitter-app/build/classes/java/main/com/example/twitterapp/TwitterApplication.class]
00:00:28.732 [Test worker] INFO org.springframework.boot.test.context.SpringBootTestContextBootstrapper - Found @SpringBootConfiguration com.example.twitterapp.TwitterApplication for test class com.example.twitterapp.TwitterAppApplicationTests
00:00:28.832 [Test worker] DEBUG org.springframework.boot.test.context.SpringBootTestContextBootstrapper - @TestExecutionListeners is not present for class [com.example.twitterapp.TwitterAppApplicationTests]: using defaults.
00:00:28.832 [Test worker] INFO org.springframework.boot.test.context.SpringBootTestContextBootstrapper - Loaded default TestExecutionListener class names from location [META-INF/spring.factories]: [org.springframework.security.test.context.support.WithSecurityContextTestExecutionListener, org.springframework.security.test.context.support.ReactorContextTestExecutionListener, org.springframework.boot.test.autoconfigure.restdocs.RestDocsTestExecutionListener, org.springframework.boot.test.autoconfigure.web.client.MockRestServiceServerResetTestExecutionListener, org.springframework.boot.test.autoconfigure.web.servlet.MockMvcPrintOnlyOnFailureTestExecutionListener, org.springframework.boot.test.autoconfigure.web.servlet.WebDriverTestExecutionListener, org.springframework.boot.test.autoconfigure.webservices.client.MockWebServiceServerTestExecutionListener, org.springframework.boot.test.mock.mockito.MockitoTestExecutionListener, org.springframework.boot.test.mock.mockito.ResetMocksTestExecutionListener, org.springframework.test.context.web.ServletTestExecutionListener, org.springframework.test.context.support.DirtiesContextBeforeModesTestExecutionListener, org.springframework.test.context.event.ApplicationEventsTestExecutionListener, org.springframework.test.context.support.DependencyInjectionTestExecutionListener, org.springframework.test.context.support.DirtiesContextTestExecutionListener, org.springframework.test.context.transaction.TransactionalTestExecutionListener, org.springframework.test.context.jdbc.SqlScriptsTestExecutionListener, org.springframework.test.context.event.EventPublishingTestExecutionListener]
00:00:28.858 [Test worker] DEBUG org.springframework.boot.test.context.SpringBootTestContextBootstrapper - Skipping candidate TestExecutionListener [org.springframework.test.context.transaction.TransactionalTestExecutionListener] due to a missing dependency. Specify custom listener classes or make the default listener classes and their required dependencies available. Offending class: [org/springframework/transaction/TransactionDefinition]
00:00:28.858 [Test worker] DEBUG org.springframework.boot.test.context.SpringBootTestContextBootstrapper - Skipping candidate TestExecutionListener [org.springframework.test.context.jdbc.SqlScriptsTestExecutionListener] due to a missing dependency. Specify custom listener classes or make the default listener classes and their required dependencies available. Offending class: [org/springframework/transaction/interceptor/TransactionAttribute]
00:00:28.858 [Test worker] INFO org.springframework.boot.test.context.SpringBootTestContextBootstrapper - Using TestExecutionListeners: [org.springframework.test.context.web.ServletTestExecutionListener@e70f13a, org.springframework.test.context.support.DirtiesContextBeforeModesTestExecutionListener@3d3e5463, org.springframework.test.context.event.ApplicationEventsTestExecutionListener@64a40280, org.springframework.boot.test.mock.mockito.MockitoTestExecutionListener@4b40f651, org.springframework.boot.test.autoconfigure.SpringBootDependencyInjectionTestExecutionListener@42b02722, org.springframework.test.context.support.DirtiesContextTestExecutionListener@d62fe5b, org.springframework.security.test.context.support.WithSecurityContextTestExecutionListener@49964d75, org.springframework.test.context.event.EventPublishingTestExecutionListener@528c868, org.springframework.security.test.context.support.ReactorContextTestExecutionListener@466276d8, org.springframework.boot.test.autoconfigure.restdocs.RestDocsTestExecutionListener@5ce8d869, org.springframework.boot.test.autoconfigure.web.client.MockRestServiceServerResetTestExecutionListener@27eedb64, org.springframework.boot.test.autoconfigure.web.servlet.MockMvcPrintOnlyOnFailureTestExecutionListener@64c63c79, org.springframework.boot.test.autoconfigure.web.servlet.WebDriverTestExecutionListener@31c7528f, org.springframework.boot.test.autoconfigure.webservices.client.MockWebServiceServerTestExecutionListener@2b76ff4e, org.springframework.boot.test.mock.mockito.ResetMocksTestExecutionListener@7a1234bf]
00:00:28.863 [Test worker] DEBUG org.springframework.test.context.support.AbstractDirtiesContextTestExecutionListener - Before test class: context [DefaultTestContext@b2c5e07 testClass = TwitterAppApplicationTests, testInstance = [null], testMethod = [null], testException = [null], mergedContextConfiguration = [WebMergedContextConfiguration@5812f68b testClass = TwitterAppApplicationTests, locations = '{}', classes = '{class com.example.twitterapp.TwitterApplication}', contextInitializerClasses = '[]', activeProfiles = '{}', propertySourceLocations = '{}', propertySourceProperties = '{org.springframework.boot.test.context.SpringBootTestContextBootstrapper=true}', contextCustomizers = set[org.springframework.boot.test.autoconfigure.actuate.metrics.MetricsExportContextCustomizerFactory$DisableMetricExportContextCustomizer@402c4085, org.springframework.boot.test.autoconfigure.properties.PropertyMappingContextCustomizer@0, org.springframework.boot.test.autoconfigure.web.servlet.WebDriverContextCustomizerFactory$Customizer@70ed52de, org.springframework.boot.test.context.filter.ExcludeFilterContextCustomizer@7c37508a, org.springframework.boot.test.json.DuplicateJsonObjectContextCustomizerFactory$DuplicateJsonObjectContextCustomizer@303cf2ba, org.springframework.boot.test.mock.mockito.MockitoContextCustomizer@0, org.springframework.boot.test.web.client.TestRestTemplateContextCustomizer@28dcca0c, org.springframework.boot.test.web.reactive.server.WebTestClientContextCustomizer@4c163e3, org.springframework.boot.test.context.SpringBootTestArgs@1, org.springframework.boot.test.context.SpringBootTestWebEnvironment@1ed1993a], resourceBasePath = 'src/main/webapp', contextLoader = 'org.springframework.boot.test.context.SpringBootContextLoader', parent = [null]], attributes = map['org.springframework.test.context.web.ServletTestExecutionListener.activateListener' -> true]], class annotated with @DirtiesContext [false] with mode [null].
00:00:28.908 [Test worker] DEBUG org.springframework.boot.ApplicationServletEnvironment - Activating profiles []
00:00:28.909 [Test worker] DEBUG org.springframework.test.context.support.TestPropertySourceUtils - Adding inlined properties to environment: {spring.jmx.enabled=false, org.springframework.boot.test.context.SpringBootTestContextBootstrapper=true}

  .   ____          _            __ _ _
 /\\ / ___'_ __ _ _(_)_ __  __ _ \ \ \ \
( ( )\___ | '_ | '_| | '_ \/ _` | \ \ \ \
 \\/  ___)| |_)| | | | | || (_| |  ) ) ) )
  '  |____| .__|_| |_|_| |_\__, | / / / /
 =========|_|==============|___/=/_/_/_/
 :: Spring Boot ::       (v2.5.8-SNAPSHOT)

2021-12-06 00:00:29.328  INFO 3537 --- [    Test worker] c.e.t.TwitterAppApplicationTests         : Starting TwitterAppApplicationTests using Java 1.8.0_191 on kirthus-MBP with PID 3537 (started by kirthu in /Users/kirthu/IdeaProjects/twitter-app)
2021-12-06 00:00:29.330  INFO 3537 --- [    Test worker] c.e.t.TwitterAppApplicationTests         : No active profile set, falling back to default profiles: default
2021-12-06 00:00:29.385  WARN 3537 --- [    Test worker] ironmentPostProcessorApplicationListener : Your Okta Issuer URL is missing. You can copy your domain from the Okta Developer Console. Follow these instructions to find it: https://bit.ly/finding-okta-domain
To fix this add the `okta.oauth2.issuer` property to your application environments.
2021-12-06 00:00:30.855  INFO 3537 --- [    Test worker] o.s.cloud.context.scope.GenericScope     : BeanFactory id=673ee9a7-6763-3420-979e-e4ca65eb4555
2021-12-06 00:00:32.846  INFO 3537 --- [    Test worker] .s.s.UserDetailsServiceAutoConfiguration : 

Using generated security password: 57c06589-878d-47ea-8d2f-2dc3f4ad5d27

2021-12-06 00:00:33.097  INFO 3537 --- [    Test worker] o.s.b.a.e.web.EndpointLinksResolver      : Exposing 1 endpoint(s) beneath base path '/actuator'
2021-12-06 00:00:33.144  INFO 3537 --- [    Test worker] o.s.s.web.DefaultSecurityFilterChain     : Will secure any request with [org.springframework.security.web.context.request.async.WebAsyncManagerIntegrationFilter@5db948c9, org.springframework.security.web.context.SecurityContextPersistenceFilter@b14b60a, org.springframework.security.web.header.HeaderWriterFilter@50b734c4, org.springframework.web.filter.CorsFilter@296edc75, org.springframework.security.web.csrf.CsrfFilter@6ee88e21, org.springframework.security.web.authentication.logout.LogoutFilter@5eb0a686, org.springframework.security.web.authentication.UsernamePasswordAuthenticationFilter@19827608, org.springframework.security.web.authentication.ui.DefaultLoginPageGeneratingFilter@54c60202, org.springframework.security.web.authentication.ui.DefaultLogoutPageGeneratingFilter@357c9bd9, org.springframework.security.web.authentication.www.BasicAuthenticationFilter@7d2c345d, org.springframework.security.web.savedrequest.RequestCacheAwareFilter@1c297897, org.springframework.security.web.servletapi.SecurityContextHolderAwareRequestFilter@237add, org.springframework.security.web.authentication.AnonymousAuthenticationFilter@7aea704c, org.springframework.security.web.session.SessionManagementFilter@16d0e521, org.springframework.security.web.access.ExceptionTranslationFilter@22a260ff, org.springframework.security.web.access.intercept.FilterSecurityInterceptor@5a090f62]
2021-12-06 00:00:33.420  WARN 3537 --- [    Test worker] ironmentPostProcessorApplicationListener : Your Okta Issuer URL is missing. You can copy your domain from the Okta Developer Console. Follow these instructions to find it: https://bit.ly/finding-okta-domain
To fix this add the `okta.oauth2.issuer` property to your application environments.
2021-12-06 00:00:33.443  INFO 3537 --- [    Test worker] c.e.t.TwitterAppApplicationTests         : Started TwitterAppApplicationTests in 4.532 seconds (JVM running for 5.864)
]]></system-out>
  <system-err><![CDATA[]]></system-err>
</testsuite>
